<?xml version="1.0" encoding="utf-8" standalone="no"?>
<!--This file represents the results of running a test suite-->
<test-results name="C:\Users\idan\Documents\Visual Studio 2013\Projects\Kupon_databaseTest\Tests\bin\Debug\Tests.dll" total="10" errors="0" failures="0" not-run="0" inconclusive="0" ignored="0" skipped="0" invalid="0" date="2015-04-14" time="17:22:32">
  <environment nunit-version="2.6.4.14350" clr-version="2.0.50727.5485" os-version="Microsoft Windows NT 6.1.7601 Service Pack 1" platform="Win32NT" cwd="C:\Program Files (x86)\NUnit 2.6.4\bin" machine-name="IDAN-PC" user="idan" user-domain="idan-PC" />
  <culture-info current-culture="he-IL" current-uiculture="en-US" />
  <test-suite type="Assembly" name="C:\Users\idan\Documents\Visual Studio 2013\Projects\Kupon_databaseTest\Tests\bin\Debug\Tests.dll" executed="True" result="Success" success="True" time="0.926" asserts="0">
    <results>
      <test-suite type="Namespace" name="Tests" executed="True" result="Success" success="True" time="0.906" asserts="0">
        <results>
          <test-suite type="TestFixture" name="sqlTest" executed="True" result="Success" success="True" time="0.903" asserts="0">
            <results>
              <test-case name="Tests.sqlTest.add_kupon" executed="True" result="Success" success="True" time="0.784" asserts="1" />
              <test-case name="Tests.sqlTest.add_user" executed="True" result="Success" success="True" time="0.011" asserts="1" />
              <test-case name="Tests.sqlTest.delete_kupon" executed="True" result="Success" success="True" time="0.019" asserts="0">
                <reason>
                  <message><![CDATA[]]></message>
                </reason>
              </test-case>
              <test-case name="Tests.sqlTest.delete_user" executed="True" result="Success" success="True" time="0.008" asserts="0">
                <reason>
                  <message><![CDATA[]]></message>
                </reason>
              </test-case>
              <test-case name="Tests.sqlTest.search_businessByCatagory" executed="True" result="Success" success="True" time="0.005" asserts="0" />
              <test-case name="Tests.sqlTest.search_businessByCity" executed="True" result="Success" success="True" time="0.006" asserts="0" />
              <test-case name="Tests.sqlTest.search_KuponsOfUser" executed="True" result="Success" success="True" time="0.014" asserts="1" />
              <test-case name="Tests.sqlTest.select_userName" executed="True" result="Success" success="True" time="0.006" asserts="1" />
              <test-case name="Tests.sqlTest.select_userNameByCatagory" executed="True" result="Success" success="True" time="0.005" asserts="1" />
              <test-case name="Tests.sqlTest.update_statusKupon" executed="True" result="Success" success="True" time="0.006" asserts="1" />
            </results>
          </test-suite>
        </results>
      </test-suite>
    </results>
  </test-suite>
</test-results>